Performing C++ SOURCE FILE Test CMAKE_HAVE_LIBC_PTHREAD failed with the following output:
Change Dir: /home/eduardo/Downloads/ball-on-plate/build/CMakeFiles/CMakeTmp

Run Build Command(s):/usr/bin/gmake cmTC_c8320/fast && /usr/bin/gmake  -f CMakeFiles/cmTC_c8320.dir/build.make CMakeFiles/cmTC_c8320.dir/build
gmake[1]: Entrando no diretório '/home/eduardo/Downloads/ball-on-plate/build/CMakeFiles/CMakeTmp'

Building CXX object CMakeFiles/cmTC_c8320.dir/src.cxx.o
/usr/bin/c++   -DCMAKE_HAVE_LIBC_PTHREAD -std=gnu++17 -o CMakeFiles/cmTC_c8320.dir/src.cxx.o -c /home/eduardo/Downloads/ball-on-plate/build/CMakeFiles/CMakeTmp/src.cxx
Linking CXX executable cmTC_c8320
/usr/bin/cmake -E cmake_link_script CMakeFiles/cmTC_c8320.dir/link.txt --verbose=1
/usr/bin/c++  -DCMAKE_HAVE_LIBC_PTHREAD CMakeFiles/cmTC_c8320.dir/src.cxx.o -o cmTC_c8320 
/usr/bin/ld: CMakeFiles/cmTC_c8320.dir/src.cxx.o: na função "main":
src.cxx:(.text+0x2f): referência não definida para "pthread_create"
/usr/bin/ld: src.cxx:(.text+0x3b): referência não definida para "pthread_detach"
/usr/bin/ld: src.cxx:(.text+0x47): referência não definida para "pthread_cancel"
/usr/bin/ld: src.cxx:(.text+0x58): referência não definida para "pthread_join"
collect2: error: ld returned 1 exit status
gmake[1]: *** [CMakeFiles/cmTC_c8320.dir/build.make:106: cmTC_c8320] Erro 1
gmake[1]: Saindo do diretório '/home/eduardo/Downloads/ball-on-plate/build/CMakeFiles/CMakeTmp'

gmake: *** [Makefile:140: cmTC_c8320/fast] Erro 2


Source file was:
#include <pthread.h>

void* test_func(void* data)
{
  return data;
}

int main(void)
{
  pthread_t thread;
  pthread_create(&thread, NULL, test_func, NULL);
  pthread_detach(thread);
  pthread_cancel(thread);
  pthread_join(thread, NULL);
  pthread_atfork(NULL, NULL, NULL);
  pthread_exit(NULL);

  return 0;
}

Determining if the function pthread_create exists in the pthreads failed with the following output:
Change Dir: /home/eduardo/Downloads/ball-on-plate/build/CMakeFiles/CMakeTmp

Run Build Command(s):/usr/bin/gmake cmTC_62bf5/fast && /usr/bin/gmake  -f CMakeFiles/cmTC_62bf5.dir/build.make CMakeFiles/cmTC_62bf5.dir/build
gmake[1]: Entrando no diretório '/home/eduardo/Downloads/ball-on-plate/build/CMakeFiles/CMakeTmp'

Building CXX object CMakeFiles/cmTC_62bf5.dir/CheckFunctionExists.cxx.o
/usr/bin/c++   -DCHECK_FUNCTION_EXISTS=pthread_create -std=gnu++17 -o CMakeFiles/cmTC_62bf5.dir/CheckFunctionExists.cxx.o -c /home/eduardo/Downloads/ball-on-plate/build/CMakeFiles/CheckLibraryExists/CheckFunctionExists.cxx
Linking CXX executable cmTC_62bf5
/usr/bin/cmake -E cmake_link_script CMakeFiles/cmTC_62bf5.dir/link.txt --verbose=1
/usr/bin/c++  -DCHECK_FUNCTION_EXISTS=pthread_create CMakeFiles/cmTC_62bf5.dir/CheckFunctionExists.cxx.o -o cmTC_62bf5  -lpthreads 
/usr/bin/ld: não foi possível localizar -lpthreads
collect2: error: ld returned 1 exit status
gmake[1]: *** [CMakeFiles/cmTC_62bf5.dir/build.make:106: cmTC_62bf5] Erro 1
gmake[1]: Saindo do diretório '/home/eduardo/Downloads/ball-on-plate/build/CMakeFiles/CMakeTmp'

gmake: *** [Makefile:140: cmTC_62bf5/fast] Erro 2



